CRITICAL - 2023-04-25 21:03:10 --> Call to undefined function set_value()
in APPPATH/Views/mahasiswa/login.php on line 31.
 1 SYSTEMPATH/View/View.php(213): include()
 2 SYSTEMPATH/View/View.php(216): CodeIgniter\View\View->CodeIgniter\View\{closure}()
 3 SYSTEMPATH/Common.php(1135): CodeIgniter\View\View->render('mahasiswa/login', [], true)
 4 APPPATH/Controllers/Main.php(221): view('mahasiswa/login', [...])
 5 SYSTEMPATH/CodeIgniter.php(898): App\Controllers\Main->login()
 6 SYSTEMPATH/CodeIgniter.php(468): CodeIgniter\CodeIgniter->runController(Object(App\Controllers\Main))
 7 SYSTEMPATH/CodeIgniter.php(351): CodeIgniter\CodeIgniter->handleRequest(null, Object(Config\Cache), false)
 8 FCPATH/index.php(55): CodeIgniter\CodeIgniter->run()
 9 SYSTEMPATH/Commands/Server/rewrite.php(43): require_once('FCPATH/index.php')
CRITICAL - 2023-04-25 21:07:46 --> Call to undefined function set_value()
in APPPATH/Views/mahasiswa/login.php on line 31.
 1 SYSTEMPATH/View/View.php(213): include()
 2 SYSTEMPATH/View/View.php(216): CodeIgniter\View\View->CodeIgniter\View\{closure}()
 3 SYSTEMPATH/Common.php(1135): CodeIgniter\View\View->render('mahasiswa/login', [], true)
 4 APPPATH/Controllers/Main.php(221): view('mahasiswa/login', [...])
 5 SYSTEMPATH/CodeIgniter.php(898): App\Controllers\Main->login()
 6 SYSTEMPATH/CodeIgniter.php(468): CodeIgniter\CodeIgniter->runController(Object(App\Controllers\Main))
 7 SYSTEMPATH/CodeIgniter.php(351): CodeIgniter\CodeIgniter->handleRequest(null, Object(Config\Cache), false)
 8 FCPATH/index.php(55): CodeIgniter\CodeIgniter->run()
 9 SYSTEMPATH/Commands/Server/rewrite.php(43): require_once('FCPATH/index.php')
CRITICAL - 2023-04-25 21:50:34 --> Invalid file: register.php
in SYSTEMPATH/Exceptions/FrameworkException.php on line 33.
 1 SYSTEMPATH/View/View.php(201): CodeIgniter\Exceptions\FrameworkException::forInvalidFile('register.php')
 2 SYSTEMPATH/Common.php(1135): CodeIgniter\View\View->render('register', [], true)
 3 APPPATH/Controllers/Main.php(229): view('register', [...])
 4 SYSTEMPATH/CodeIgniter.php(898): App\Controllers\Main->register()
 5 SYSTEMPATH/CodeIgniter.php(468): CodeIgniter\CodeIgniter->runController(Object(App\Controllers\Main))
 6 SYSTEMPATH/CodeIgniter.php(351): CodeIgniter\CodeIgniter->handleRequest(null, Object(Config\Cache), false)
 7 FCPATH/index.php(55): CodeIgniter\CodeIgniter->run()
 8 SYSTEMPATH/Commands/Server/rewrite.php(43): require_once('FCPATH/index.php')
ERROR - 2023-04-25 21:58:39 --> Column 'username' cannot be null
CRITICAL - 2023-04-25 21:58:39 --> Column 'username' cannot be null
in SYSTEMPATH/Database/MySQLi/Connection.php on line 292.
 1 SYSTEMPATH/Database/MySQLi/Connection.php(292): mysqli->query('INSERT INTO `users` (`username`, `email`, `password`, `status`, `level`) VALUES (NULL, \'muhammad.asaduddin@gmail.com\', \'$2y$10$3S7F7jfZH3BbNRcSkmn2y.75uk/FZrYJ93hqaYPCBI9wWWyW4Gw5i\', \'active\', \'user\')', 0)
 2 SYSTEMPATH/Database/BaseConnection.php(678): CodeIgniter\Database\MySQLi\Connection->execute('INSERT INTO `users` (`username`, `email`, `password`, `status`, `level`) VALUES (NULL, \'muhammad.asaduddin@gmail.com\', \'$2y$10$3S7F7jfZH3BbNRcSkmn2y.75uk/FZrYJ93hqaYPCBI9wWWyW4Gw5i\', \'active\', \'user\')')
 3 SYSTEMPATH/Database/BaseConnection.php(606): CodeIgniter\Database\BaseConnection->simpleQuery('INSERT INTO `users` (`username`, `email`, `password`, `status`, `level`) VALUES (NULL, \'muhammad.asaduddin@gmail.com\', \'$2y$10$3S7F7jfZH3BbNRcSkmn2y.75uk/FZrYJ93hqaYPCBI9wWWyW4Gw5i\', \'active\', \'user\')')
 4 SYSTEMPATH/Database/BaseBuilder.php(1904): CodeIgniter\Database\BaseConnection->query('INSERT INTO `users` (`username`, `email`, `password`, `status`, `level`) VALUES (:username:, :email:, :password:, :status:, :level:)', [...], false)
 5 SYSTEMPATH/Model.php(278): CodeIgniter\Database\BaseBuilder->insert()
 6 SYSTEMPATH/BaseModel.php(738): CodeIgniter\Model->doInsert([...])
 7 SYSTEMPATH/Model.php(666): CodeIgniter\BaseModel->insert([...], false)
 8 SYSTEMPATH/BaseModel.php(658): CodeIgniter\Model->insert([...], false)
 9 APPPATH/Controllers/Auth.php(68): CodeIgniter\BaseModel->save([...])
10 SYSTEMPATH/CodeIgniter.php(898): App\Controllers\Auth->save()
11 SYSTEMPATH/CodeIgniter.php(468): CodeIgniter\CodeIgniter->runController(Object(App\Controllers\Auth))
12 SYSTEMPATH/CodeIgniter.php(351): CodeIgniter\CodeIgniter->handleRequest(null, Object(Config\Cache), false)
13 FCPATH/index.php(55): CodeIgniter\CodeIgniter->run()
14 SYSTEMPATH/Commands/Server/rewrite.php(43): require_once('FCPATH/index.php')
CRITICAL - 2023-04-25 21:59:28 --> Invalid file: register.php
in SYSTEMPATH/Exceptions/FrameworkException.php on line 33.
 1 SYSTEMPATH/View/View.php(201): CodeIgniter\Exceptions\FrameworkException::forInvalidFile('register.php')
 2 SYSTEMPATH/Common.php(1135): CodeIgniter\View\View->render('register', [], true)
 3 APPPATH/Controllers/Auth.php(72): view('register', [...])
 4 SYSTEMPATH/CodeIgniter.php(898): App\Controllers\Auth->save()
 5 SYSTEMPATH/CodeIgniter.php(468): CodeIgniter\CodeIgniter->runController(Object(App\Controllers\Auth))
 6 SYSTEMPATH/CodeIgniter.php(351): CodeIgniter\CodeIgniter->handleRequest(null, Object(Config\Cache), false)
 7 FCPATH/index.php(55): CodeIgniter\CodeIgniter->run()
 8 SYSTEMPATH/Commands/Server/rewrite.php(43): require_once('FCPATH/index.php')
CRITICAL - 2023-04-25 22:06:35 --> Cannot use object of type CodeIgniter\Session\Session as array
in APPPATH/Views/templates/mhs_header.php on line 41.
 1 SYSTEMPATH/View/View.php(213): include()
 2 SYSTEMPATH/View/View.php(216): CodeIgniter\View\View->CodeIgniter\View\{closure}()
 3 SYSTEMPATH/Common.php(1135): CodeIgniter\View\View->render('templates/mhs_header', [], true)
 4 APPPATH/Controllers/Main.php(132): view('templates/mhs_header', [...])
 5 SYSTEMPATH/CodeIgniter.php(898): App\Controllers\Main->mhs()
 6 SYSTEMPATH/CodeIgniter.php(468): CodeIgniter\CodeIgniter->runController(Object(App\Controllers\Main))
 7 SYSTEMPATH/CodeIgniter.php(351): CodeIgniter\CodeIgniter->handleRequest(null, Object(Config\Cache), false)
 8 FCPATH/index.php(55): CodeIgniter\CodeIgniter->run()
 9 SYSTEMPATH/Commands/Server/rewrite.php(43): require_once('FCPATH/index.php')
