ERROR - 2023-04-10 14:25:05 --> Error connecting to the database: Connection refused
CRITICAL - 2023-04-10 14:25:05 --> Unable to connect to the database.
Main connection [MySQLi]: Connection refused
in SYSTEMPATH/Database/BaseConnection.php on line 415.
 1 SYSTEMPATH/Database/BaseConnection.php(585): CodeIgniter\Database\BaseConnection->initialize()
 2 SYSTEMPATH/Database/BaseBuilder.php(1585): CodeIgniter\Database\BaseConnection->query('SELECT *
FROM `mahasiswa`
ORDER BY date(date_created) ASC', [], false)
 3 SYSTEMPATH/Model.php(771): CodeIgniter\Database\BaseBuilder->get()
 4 APPPATH/Controllers/Main.php(124): CodeIgniter\Model->__call('get', [])
 5 SYSTEMPATH/CodeIgniter.php(898): App\Controllers\Main->mhs()
 6 SYSTEMPATH/CodeIgniter.php(468): CodeIgniter\CodeIgniter->runController(Object(App\Controllers\Main))
 7 SYSTEMPATH/CodeIgniter.php(351): CodeIgniter\CodeIgniter->handleRequest(null, Object(Config\Cache), false)
 8 FCPATH/index.php(55): CodeIgniter\CodeIgniter->run()
 9 SYSTEMPATH/Commands/Server/rewrite.php(43): require_once('FCPATH/index.php')
ERROR - 2023-04-10 14:25:40 --> Table 'contact_list.mahasiswa' doesn't exist
CRITICAL - 2023-04-10 14:25:40 --> Call to a member function getResult() on bool
in APPPATH/Controllers/Main.php on line 124.
 1 SYSTEMPATH/CodeIgniter.php(898): App\Controllers\Main->mhs()
 2 SYSTEMPATH/CodeIgniter.php(468): CodeIgniter\CodeIgniter->runController(Object(App\Controllers\Main))
 3 SYSTEMPATH/CodeIgniter.php(351): CodeIgniter\CodeIgniter->handleRequest(null, Object(Config\Cache), false)
 4 FCPATH/index.php(55): CodeIgniter\CodeIgniter->run()
 5 SYSTEMPATH/Commands/Server/rewrite.php(43): require_once('FCPATH/index.php')
ERROR - 2023-04-10 14:25:42 --> Table 'contact_list.mahasiswa' doesn't exist
CRITICAL - 2023-04-10 14:25:42 --> Call to a member function getResult() on bool
in APPPATH/Controllers/Main.php on line 124.
 1 SYSTEMPATH/CodeIgniter.php(898): App\Controllers\Main->mhs()
 2 SYSTEMPATH/CodeIgniter.php(468): CodeIgniter\CodeIgniter->runController(Object(App\Controllers\Main))
 3 SYSTEMPATH/CodeIgniter.php(351): CodeIgniter\CodeIgniter->handleRequest(null, Object(Config\Cache), false)
 4 FCPATH/index.php(55): CodeIgniter\CodeIgniter->run()
 5 SYSTEMPATH/Commands/Server/rewrite.php(43): require_once('FCPATH/index.php')
ERROR - 2023-04-10 14:25:48 --> Table 'contact_list.mahasiswa' doesn't exist
CRITICAL - 2023-04-10 14:25:48 --> Call to a member function getResult() on bool
in APPPATH/Controllers/Main.php on line 124.
 1 SYSTEMPATH/CodeIgniter.php(898): App\Controllers\Main->mhs()
 2 SYSTEMPATH/CodeIgniter.php(468): CodeIgniter\CodeIgniter->runController(Object(App\Controllers\Main))
 3 SYSTEMPATH/CodeIgniter.php(351): CodeIgniter\CodeIgniter->handleRequest(null, Object(Config\Cache), false)
 4 FCPATH/index.php(55): CodeIgniter\CodeIgniter->run()
 5 SYSTEMPATH/Commands/Server/rewrite.php(43): require_once('FCPATH/index.php')
CRITICAL - 2023-04-10 14:45:53 --> There is no data to insert.
in SYSTEMPATH/BaseModel.php on line 718.
 1 SYSTEMPATH/BaseModel.php(718): CodeIgniter\Database\Exceptions\DataException::forEmptyDataset('insert')
 2 SYSTEMPATH/Model.php(666): CodeIgniter\BaseModel->insert([], true)
 3 APPPATH/Controllers/Main.php(152): CodeIgniter\Model->insert([...])
 4 SYSTEMPATH/CodeIgniter.php(898): App\Controllers\Main->mhs_save()
 5 SYSTEMPATH/CodeIgniter.php(468): CodeIgniter\CodeIgniter->runController(Object(App\Controllers\Main))
 6 SYSTEMPATH/CodeIgniter.php(351): CodeIgniter\CodeIgniter->handleRequest(null, Object(Config\Cache), false)
 7 FCPATH/index.php(55): CodeIgniter\CodeIgniter->run()
 8 SYSTEMPATH/Commands/Server/rewrite.php(43): require_once('FCPATH/index.php')
ERROR - 2023-04-10 14:46:42 --> Unknown column 'lastname' in 'field list'
CRITICAL - 2023-04-10 14:46:42 --> Call to a member function getFirstRow() on bool
in SYSTEMPATH/Model.php on line 249.
 1 SYSTEMPATH/BaseModel.php(622): CodeIgniter\Model->doFirst()
 2 APPPATH/Controllers/Main.php(202): CodeIgniter\BaseModel->first()
 3 SYSTEMPATH/CodeIgniter.php(898): App\Controllers\Main->mhs_view_details('1')
 4 SYSTEMPATH/CodeIgniter.php(468): CodeIgniter\CodeIgniter->runController(Object(App\Controllers\Main))
 5 SYSTEMPATH/CodeIgniter.php(351): CodeIgniter\CodeIgniter->handleRequest(null, Object(Config\Cache), false)
 6 FCPATH/index.php(55): CodeIgniter\CodeIgniter->run()
 7 SYSTEMPATH/Commands/Server/rewrite.php(43): require_once('FCPATH/index.php')
CRITICAL - 2023-04-10 14:46:51 --> Undefined property: stdClass::$lastname
in APPPATH/Views/mahasiswa/list.php on line 28.
 1 APPPATH/Views/mahasiswa/list.php(28): CodeIgniter\Debug\Exceptions->errorHandler(2, 'Undefined property: stdClass::$lastname', 'APPPATH/Views/mahasiswa/list.php', 28)
 2 SYSTEMPATH/View/View.php(213): include('APPPATH/Views/mahasiswa/list.php')
 3 SYSTEMPATH/View/View.php(216): CodeIgniter\View\View->CodeIgniter\View\{closure}()
 4 SYSTEMPATH/Common.php(1135): CodeIgniter\View\View->render('mahasiswa/list', [], true)
 5 APPPATH/Controllers/Main.php(126): view('mahasiswa/list', [...])
 6 SYSTEMPATH/CodeIgniter.php(898): App\Controllers\Main->mhs()
 7 SYSTEMPATH/CodeIgniter.php(468): CodeIgniter\CodeIgniter->runController(Object(App\Controllers\Main))
 8 SYSTEMPATH/CodeIgniter.php(351): CodeIgniter\CodeIgniter->handleRequest(null, Object(Config\Cache), false)
 9 FCPATH/index.php(55): CodeIgniter\CodeIgniter->run()
10 SYSTEMPATH/Commands/Server/rewrite.php(43): require_once('FCPATH/index.php')
CRITICAL - 2023-04-10 14:46:55 --> Undefined property: stdClass::$lastname
in APPPATH/Views/mahasiswa/list.php on line 28.
 1 APPPATH/Views/mahasiswa/list.php(28): CodeIgniter\Debug\Exceptions->errorHandler(2, 'Undefined property: stdClass::$lastname', 'APPPATH/Views/mahasiswa/list.php', 28)
 2 SYSTEMPATH/View/View.php(213): include('APPPATH/Views/mahasiswa/list.php')
 3 SYSTEMPATH/View/View.php(216): CodeIgniter\View\View->CodeIgniter\View\{closure}()
 4 SYSTEMPATH/Common.php(1135): CodeIgniter\View\View->render('mahasiswa/list', [], true)
 5 APPPATH/Controllers/Main.php(126): view('mahasiswa/list', [...])
 6 SYSTEMPATH/CodeIgniter.php(898): App\Controllers\Main->mhs()
 7 SYSTEMPATH/CodeIgniter.php(468): CodeIgniter\CodeIgniter->runController(Object(App\Controllers\Main))
 8 SYSTEMPATH/CodeIgniter.php(351): CodeIgniter\CodeIgniter->handleRequest(null, Object(Config\Cache), false)
 9 FCPATH/index.php(55): CodeIgniter\CodeIgniter->run()
10 SYSTEMPATH/Commands/Server/rewrite.php(43): require_once('FCPATH/index.php')
CRITICAL - 2023-04-10 14:47:59 --> Undefined property: stdClass::$lastname
in APPPATH/Views/mahasiswa/list.php on line 28.
 1 APPPATH/Views/mahasiswa/list.php(28): CodeIgniter\Debug\Exceptions->errorHandler(2, 'Undefined property: stdClass::$lastname', 'APPPATH/Views/mahasiswa/list.php', 28)
 2 SYSTEMPATH/View/View.php(213): include('APPPATH/Views/mahasiswa/list.php')
 3 SYSTEMPATH/View/View.php(216): CodeIgniter\View\View->CodeIgniter\View\{closure}()
 4 SYSTEMPATH/Common.php(1135): CodeIgniter\View\View->render('mahasiswa/list', [], true)
 5 APPPATH/Controllers/Main.php(126): view('mahasiswa/list', [...])
 6 SYSTEMPATH/CodeIgniter.php(898): App\Controllers\Main->mhs()
 7 SYSTEMPATH/CodeIgniter.php(468): CodeIgniter\CodeIgniter->runController(Object(App\Controllers\Main))
 8 SYSTEMPATH/CodeIgniter.php(351): CodeIgniter\CodeIgniter->handleRequest(null, Object(Config\Cache), false)
 9 FCPATH/index.php(55): CodeIgniter\CodeIgniter->run()
10 SYSTEMPATH/Commands/Server/rewrite.php(43): require_once('FCPATH/index.php')
CRITICAL - 2023-04-10 14:48:06 --> Undefined property: stdClass::$lastname
in APPPATH/Views/mahasiswa/list.php on line 28.
 1 APPPATH/Views/mahasiswa/list.php(28): CodeIgniter\Debug\Exceptions->errorHandler(2, 'Undefined property: stdClass::$lastname', 'APPPATH/Views/mahasiswa/list.php', 28)
 2 SYSTEMPATH/View/View.php(213): include('APPPATH/Views/mahasiswa/list.php')
 3 SYSTEMPATH/View/View.php(216): CodeIgniter\View\View->CodeIgniter\View\{closure}()
 4 SYSTEMPATH/Common.php(1135): CodeIgniter\View\View->render('mahasiswa/list', [], true)
 5 APPPATH/Controllers/Main.php(126): view('mahasiswa/list', [...])
 6 SYSTEMPATH/CodeIgniter.php(898): App\Controllers\Main->mhs()
 7 SYSTEMPATH/CodeIgniter.php(468): CodeIgniter\CodeIgniter->runController(Object(App\Controllers\Main))
 8 SYSTEMPATH/CodeIgniter.php(351): CodeIgniter\CodeIgniter->handleRequest(null, Object(Config\Cache), false)
 9 FCPATH/index.php(55): CodeIgniter\CodeIgniter->run()
10 SYSTEMPATH/Commands/Server/rewrite.php(43): require_once('FCPATH/index.php')
CRITICAL - 2023-04-10 14:51:59 --> Undefined property: stdClass::$lastname
in APPPATH/Views/mahasiswa/list.php on line 28.
 1 APPPATH/Views/mahasiswa/list.php(28): CodeIgniter\Debug\Exceptions->errorHandler(2, 'Undefined property: stdClass::$lastname', 'APPPATH/Views/mahasiswa/list.php', 28)
 2 SYSTEMPATH/View/View.php(213): include('APPPATH/Views/mahasiswa/list.php')
 3 SYSTEMPATH/View/View.php(216): CodeIgniter\View\View->CodeIgniter\View\{closure}()
 4 SYSTEMPATH/Common.php(1135): CodeIgniter\View\View->render('mahasiswa/list', [], true)
 5 APPPATH/Controllers/Main.php(126): view('mahasiswa/list', [...])
 6 SYSTEMPATH/CodeIgniter.php(898): App\Controllers\Main->mhs()
 7 SYSTEMPATH/CodeIgniter.php(468): CodeIgniter\CodeIgniter->runController(Object(App\Controllers\Main))
 8 SYSTEMPATH/CodeIgniter.php(351): CodeIgniter\CodeIgniter->handleRequest(null, Object(Config\Cache), false)
 9 FCPATH/index.php(55): CodeIgniter\CodeIgniter->run()
10 SYSTEMPATH/Commands/Server/rewrite.php(43): require_once('FCPATH/index.php')
CRITICAL - 2023-04-10 14:52:00 --> Undefined property: stdClass::$lastname
in APPPATH/Views/mahasiswa/list.php on line 28.
 1 APPPATH/Views/mahasiswa/list.php(28): CodeIgniter\Debug\Exceptions->errorHandler(2, 'Undefined property: stdClass::$lastname', 'APPPATH/Views/mahasiswa/list.php', 28)
 2 SYSTEMPATH/View/View.php(213): include('APPPATH/Views/mahasiswa/list.php')
 3 SYSTEMPATH/View/View.php(216): CodeIgniter\View\View->CodeIgniter\View\{closure}()
 4 SYSTEMPATH/Common.php(1135): CodeIgniter\View\View->render('mahasiswa/list', [], true)
 5 APPPATH/Controllers/Main.php(126): view('mahasiswa/list', [...])
 6 SYSTEMPATH/CodeIgniter.php(898): App\Controllers\Main->mhs()
 7 SYSTEMPATH/CodeIgniter.php(468): CodeIgniter\CodeIgniter->runController(Object(App\Controllers\Main))
 8 SYSTEMPATH/CodeIgniter.php(351): CodeIgniter\CodeIgniter->handleRequest(null, Object(Config\Cache), false)
 9 FCPATH/index.php(55): CodeIgniter\CodeIgniter->run()
10 SYSTEMPATH/Commands/Server/rewrite.php(43): require_once('FCPATH/index.php')
CRITICAL - 2023-04-10 14:52:41 --> Undefined property: stdClass::$lastname
in APPPATH/Views/mahasiswa/list.php on line 28.
 1 APPPATH/Views/mahasiswa/list.php(28): CodeIgniter\Debug\Exceptions->errorHandler(2, 'Undefined property: stdClass::$lastname', 'APPPATH/Views/mahasiswa/list.php', 28)
 2 SYSTEMPATH/View/View.php(213): include('APPPATH/Views/mahasiswa/list.php')
 3 SYSTEMPATH/View/View.php(216): CodeIgniter\View\View->CodeIgniter\View\{closure}()
 4 SYSTEMPATH/Common.php(1135): CodeIgniter\View\View->render('mahasiswa/list', [], true)
 5 APPPATH/Controllers/Main.php(126): view('mahasiswa/list', [...])
 6 SYSTEMPATH/CodeIgniter.php(898): App\Controllers\Main->mhs()
 7 SYSTEMPATH/CodeIgniter.php(468): CodeIgniter\CodeIgniter->runController(Object(App\Controllers\Main))
 8 SYSTEMPATH/CodeIgniter.php(351): CodeIgniter\CodeIgniter->handleRequest(null, Object(Config\Cache), false)
 9 FCPATH/index.php(55): CodeIgniter\CodeIgniter->run()
10 SYSTEMPATH/Commands/Server/rewrite.php(43): require_once('FCPATH/index.php')
ERROR - 2023-04-10 14:54:14 --> Unknown column 'lastname' in 'field list'
CRITICAL - 2023-04-10 14:54:14 --> Call to a member function getFirstRow() on bool
in SYSTEMPATH/Model.php on line 249.
 1 SYSTEMPATH/BaseModel.php(622): CodeIgniter\Model->doFirst()
 2 APPPATH/Controllers/Main.php(202): CodeIgniter\BaseModel->first()
 3 SYSTEMPATH/CodeIgniter.php(898): App\Controllers\Main->mhs_view_details('1')
 4 SYSTEMPATH/CodeIgniter.php(468): CodeIgniter\CodeIgniter->runController(Object(App\Controllers\Main))
 5 SYSTEMPATH/CodeIgniter.php(351): CodeIgniter\CodeIgniter->handleRequest(null, Object(Config\Cache), false)
 6 FCPATH/index.php(55): CodeIgniter\CodeIgniter->run()
 7 SYSTEMPATH/Commands/Server/rewrite.php(43): require_once('FCPATH/index.php')
CRITICAL - 2023-04-10 15:52:11 --> Call to undefined method stdClass::getPost()
in APPPATH/Views/mahasiswa/create.php on line 30.
 1 SYSTEMPATH/View/View.php(213): include()
 2 SYSTEMPATH/View/View.php(216): CodeIgniter\View\View->CodeIgniter\View\{closure}()
 3 SYSTEMPATH/Common.php(1135): CodeIgniter\View\View->render('mahasiswa/create', [], true)
 4 APPPATH/Controllers/Main.php(139): view('mahasiswa/create', [...])
 5 SYSTEMPATH/CodeIgniter.php(898): App\Controllers\Main->mhs_create()
 6 SYSTEMPATH/CodeIgniter.php(468): CodeIgniter\CodeIgniter->runController(Object(App\Controllers\Main))
 7 SYSTEMPATH/CodeIgniter.php(351): CodeIgniter\CodeIgniter->handleRequest(null, Object(Config\Cache), false)
 8 FCPATH/index.php(55): CodeIgniter\CodeIgniter->run()
 9 SYSTEMPATH/Commands/Server/rewrite.php(43): require_once('FCPATH/index.php')
CRITICAL - 2023-04-10 15:52:43 --> Call to a member function getPost() on array
in APPPATH/Views/mahasiswa/create.php on line 30.
 1 SYSTEMPATH/View/View.php(213): include()
 2 SYSTEMPATH/View/View.php(216): CodeIgniter\View\View->CodeIgniter\View\{closure}()
 3 SYSTEMPATH/Common.php(1135): CodeIgniter\View\View->render('mahasiswa/create', [], true)
 4 APPPATH/Controllers/Main.php(139): view('mahasiswa/create', [...])
 5 SYSTEMPATH/CodeIgniter.php(898): App\Controllers\Main->mhs_create()
 6 SYSTEMPATH/CodeIgniter.php(468): CodeIgniter\CodeIgniter->runController(Object(App\Controllers\Main))
 7 SYSTEMPATH/CodeIgniter.php(351): CodeIgniter\CodeIgniter->handleRequest(null, Object(Config\Cache), false)
 8 FCPATH/index.php(55): CodeIgniter\CodeIgniter->run()
 9 SYSTEMPATH/Commands/Server/rewrite.php(43): require_once('FCPATH/index.php')
CRITICAL - 2023-04-10 15:52:46 --> Call to a member function getPost() on array
in APPPATH/Views/mahasiswa/create.php on line 30.
 1 SYSTEMPATH/View/View.php(213): include()
 2 SYSTEMPATH/View/View.php(216): CodeIgniter\View\View->CodeIgniter\View\{closure}()
 3 SYSTEMPATH/Common.php(1135): CodeIgniter\View\View->render('mahasiswa/create', [], true)
 4 APPPATH/Controllers/Main.php(139): view('mahasiswa/create', [...])
 5 SYSTEMPATH/CodeIgniter.php(898): App\Controllers\Main->mhs_create()
 6 SYSTEMPATH/CodeIgniter.php(468): CodeIgniter\CodeIgniter->runController(Object(App\Controllers\Main))
 7 SYSTEMPATH/CodeIgniter.php(351): CodeIgniter\CodeIgniter->handleRequest(null, Object(Config\Cache), false)
 8 FCPATH/index.php(55): CodeIgniter\CodeIgniter->run()
 9 SYSTEMPATH/Commands/Server/rewrite.php(43): require_once('FCPATH/index.php')
CRITICAL - 2023-04-10 15:54:14 --> Call to a member function getPost() on array
in APPPATH/Views/mahasiswa/create.php on line 30.
 1 SYSTEMPATH/View/View.php(213): include()
 2 SYSTEMPATH/View/View.php(216): CodeIgniter\View\View->CodeIgniter\View\{closure}()
 3 SYSTEMPATH/Common.php(1135): CodeIgniter\View\View->render('mahasiswa/create', [], true)
 4 APPPATH/Controllers/Main.php(139): view('mahasiswa/create', [...])
 5 SYSTEMPATH/CodeIgniter.php(898): App\Controllers\Main->mhs_create()
 6 SYSTEMPATH/CodeIgniter.php(468): CodeIgniter\CodeIgniter->runController(Object(App\Controllers\Main))
 7 SYSTEMPATH/CodeIgniter.php(351): CodeIgniter\CodeIgniter->handleRequest(null, Object(Config\Cache), false)
 8 FCPATH/index.php(55): CodeIgniter\CodeIgniter->run()
 9 SYSTEMPATH/Commands/Server/rewrite.php(43): require_once('FCPATH/index.php')
CRITICAL - 2023-04-10 15:54:15 --> Call to a member function getPost() on array
in APPPATH/Views/mahasiswa/create.php on line 30.
 1 SYSTEMPATH/View/View.php(213): include()
 2 SYSTEMPATH/View/View.php(216): CodeIgniter\View\View->CodeIgniter\View\{closure}()
 3 SYSTEMPATH/Common.php(1135): CodeIgniter\View\View->render('mahasiswa/create', [], true)
 4 APPPATH/Controllers/Main.php(139): view('mahasiswa/create', [...])
 5 SYSTEMPATH/CodeIgniter.php(898): App\Controllers\Main->mhs_create()
 6 SYSTEMPATH/CodeIgniter.php(468): CodeIgniter\CodeIgniter->runController(Object(App\Controllers\Main))
 7 SYSTEMPATH/CodeIgniter.php(351): CodeIgniter\CodeIgniter->handleRequest(null, Object(Config\Cache), false)
 8 FCPATH/index.php(55): CodeIgniter\CodeIgniter->run()
 9 SYSTEMPATH/Commands/Server/rewrite.php(43): require_once('FCPATH/index.php')
CRITICAL - 2023-04-10 15:54:51 --> Call to a member function getPost() on array
in APPPATH/Views/mahasiswa/create.php on line 30.
 1 SYSTEMPATH/View/View.php(213): include()
 2 SYSTEMPATH/View/View.php(216): CodeIgniter\View\View->CodeIgniter\View\{closure}()
 3 SYSTEMPATH/Common.php(1135): CodeIgniter\View\View->render('mahasiswa/create', [], true)
 4 APPPATH/Controllers/Main.php(139): view('mahasiswa/create', [...])
 5 SYSTEMPATH/CodeIgniter.php(898): App\Controllers\Main->mhs_create()
 6 SYSTEMPATH/CodeIgniter.php(468): CodeIgniter\CodeIgniter->runController(Object(App\Controllers\Main))
 7 SYSTEMPATH/CodeIgniter.php(351): CodeIgniter\CodeIgniter->handleRequest(null, Object(Config\Cache), false)
 8 FCPATH/index.php(55): CodeIgniter\CodeIgniter->run()
 9 SYSTEMPATH/Commands/Server/rewrite.php(43): require_once('FCPATH/index.php')
CRITICAL - 2023-04-10 15:54:53 --> Call to a member function getPost() on array
in APPPATH/Views/mahasiswa/create.php on line 30.
 1 SYSTEMPATH/View/View.php(213): include()
 2 SYSTEMPATH/View/View.php(216): CodeIgniter\View\View->CodeIgniter\View\{closure}()
 3 SYSTEMPATH/Common.php(1135): CodeIgniter\View\View->render('mahasiswa/create', [], true)
 4 APPPATH/Controllers/Main.php(139): view('mahasiswa/create', [...])
 5 SYSTEMPATH/CodeIgniter.php(898): App\Controllers\Main->mhs_create()
 6 SYSTEMPATH/CodeIgniter.php(468): CodeIgniter\CodeIgniter->runController(Object(App\Controllers\Main))
 7 SYSTEMPATH/CodeIgniter.php(351): CodeIgniter\CodeIgniter->handleRequest(null, Object(Config\Cache), false)
 8 FCPATH/index.php(55): CodeIgniter\CodeIgniter->run()
 9 SYSTEMPATH/Commands/Server/rewrite.php(43): require_once('FCPATH/index.php')
CRITICAL - 2023-04-10 15:56:09 --> Call to a member function getPost() on array
in APPPATH/Views/mahasiswa/create.php on line 30.
 1 SYSTEMPATH/View/View.php(213): include()
 2 SYSTEMPATH/View/View.php(216): CodeIgniter\View\View->CodeIgniter\View\{closure}()
 3 SYSTEMPATH/Common.php(1135): CodeIgniter\View\View->render('mahasiswa/create', [], true)
 4 APPPATH/Controllers/Main.php(139): view('mahasiswa/create', [...])
 5 SYSTEMPATH/CodeIgniter.php(898): App\Controllers\Main->mhs_create()
 6 SYSTEMPATH/CodeIgniter.php(468): CodeIgniter\CodeIgniter->runController(Object(App\Controllers\Main))
 7 SYSTEMPATH/CodeIgniter.php(351): CodeIgniter\CodeIgniter->handleRequest(null, Object(Config\Cache), false)
 8 FCPATH/index.php(55): CodeIgniter\CodeIgniter->run()
 9 SYSTEMPATH/Commands/Server/rewrite.php(43): require_once('FCPATH/index.php')
CRITICAL - 2023-04-10 16:00:29 --> Undefined variable $jp
in APPPATH/Views/mahasiswa/create.php on line 29.
 1 APPPATH/Views/mahasiswa/create.php(29): CodeIgniter\Debug\Exceptions->errorHandler(2, 'Undefined variable $jp', 'APPPATH/Views/mahasiswa/create.php', 29)
 2 SYSTEMPATH/View/View.php(213): include('APPPATH/Views/mahasiswa/create.php')
 3 SYSTEMPATH/View/View.php(216): CodeIgniter\View\View->CodeIgniter\View\{closure}()
 4 SYSTEMPATH/Common.php(1135): CodeIgniter\View\View->render('mahasiswa/create', [], true)
 5 APPPATH/Controllers/Main.php(139): view('mahasiswa/create', [...])
 6 SYSTEMPATH/CodeIgniter.php(898): App\Controllers\Main->mhs_create()
 7 SYSTEMPATH/CodeIgniter.php(468): CodeIgniter\CodeIgniter->runController(Object(App\Controllers\Main))
 8 SYSTEMPATH/CodeIgniter.php(351): CodeIgniter\CodeIgniter->handleRequest(null, Object(Config\Cache), false)
 9 FCPATH/index.php(55): CodeIgniter\CodeIgniter->run()
10 SYSTEMPATH/Commands/Server/rewrite.php(43): require_once('FCPATH/index.php')
CRITICAL - 2023-04-10 16:00:30 --> Undefined variable $jp
in APPPATH/Views/mahasiswa/create.php on line 29.
 1 APPPATH/Views/mahasiswa/create.php(29): CodeIgniter\Debug\Exceptions->errorHandler(2, 'Undefined variable $jp', 'APPPATH/Views/mahasiswa/create.php', 29)
 2 SYSTEMPATH/View/View.php(213): include('APPPATH/Views/mahasiswa/create.php')
 3 SYSTEMPATH/View/View.php(216): CodeIgniter\View\View->CodeIgniter\View\{closure}()
 4 SYSTEMPATH/Common.php(1135): CodeIgniter\View\View->render('mahasiswa/create', [], true)
 5 APPPATH/Controllers/Main.php(139): view('mahasiswa/create', [...])
 6 SYSTEMPATH/CodeIgniter.php(898): App\Controllers\Main->mhs_create()
 7 SYSTEMPATH/CodeIgniter.php(468): CodeIgniter\CodeIgniter->runController(Object(App\Controllers\Main))
 8 SYSTEMPATH/CodeIgniter.php(351): CodeIgniter\CodeIgniter->handleRequest(null, Object(Config\Cache), false)
 9 FCPATH/index.php(55): CodeIgniter\CodeIgniter->run()
10 SYSTEMPATH/Commands/Server/rewrite.php(43): require_once('FCPATH/index.php')
CRITICAL - 2023-04-10 16:02:50 --> Undefined variable $jp
in APPPATH/Views/mahasiswa/create.php on line 29.
 1 APPPATH/Views/mahasiswa/create.php(29): CodeIgniter\Debug\Exceptions->errorHandler(2, 'Undefined variable $jp', 'APPPATH/Views/mahasiswa/create.php', 29)
 2 SYSTEMPATH/View/View.php(213): include('APPPATH/Views/mahasiswa/create.php')
 3 SYSTEMPATH/View/View.php(216): CodeIgniter\View\View->CodeIgniter\View\{closure}()
 4 SYSTEMPATH/Common.php(1135): CodeIgniter\View\View->render('mahasiswa/create', [], true)
 5 APPPATH/Controllers/Main.php(139): view('mahasiswa/create', [...])
 6 SYSTEMPATH/CodeIgniter.php(898): App\Controllers\Main->mhs_create()
 7 SYSTEMPATH/CodeIgniter.php(468): CodeIgniter\CodeIgniter->runController(Object(App\Controllers\Main))
 8 SYSTEMPATH/CodeIgniter.php(351): CodeIgniter\CodeIgniter->handleRequest(null, Object(Config\Cache), false)
 9 FCPATH/index.php(55): CodeIgniter\CodeIgniter->run()
10 SYSTEMPATH/Commands/Server/rewrite.php(43): require_once('FCPATH/index.php')
CRITICAL - 2023-04-10 16:02:52 --> Undefined variable $jp
in APPPATH/Views/mahasiswa/create.php on line 29.
 1 APPPATH/Views/mahasiswa/create.php(29): CodeIgniter\Debug\Exceptions->errorHandler(2, 'Undefined variable $jp', 'APPPATH/Views/mahasiswa/create.php', 29)
 2 SYSTEMPATH/View/View.php(213): include('APPPATH/Views/mahasiswa/create.php')
 3 SYSTEMPATH/View/View.php(216): CodeIgniter\View\View->CodeIgniter\View\{closure}()
 4 SYSTEMPATH/Common.php(1135): CodeIgniter\View\View->render('mahasiswa/create', [], true)
 5 APPPATH/Controllers/Main.php(139): view('mahasiswa/create', [...])
 6 SYSTEMPATH/CodeIgniter.php(898): App\Controllers\Main->mhs_create()
 7 SYSTEMPATH/CodeIgniter.php(468): CodeIgniter\CodeIgniter->runController(Object(App\Controllers\Main))
 8 SYSTEMPATH/CodeIgniter.php(351): CodeIgniter\CodeIgniter->handleRequest(null, Object(Config\Cache), false)
 9 FCPATH/index.php(55): CodeIgniter\CodeIgniter->run()
10 SYSTEMPATH/Commands/Server/rewrite.php(43): require_once('FCPATH/index.php')
CRITICAL - 2023-04-10 16:03:09 --> Undefined variable $jp
in APPPATH/Views/mahasiswa/create.php on line 29.
 1 APPPATH/Views/mahasiswa/create.php(29): CodeIgniter\Debug\Exceptions->errorHandler(2, 'Undefined variable $jp', 'APPPATH/Views/mahasiswa/create.php', 29)
 2 SYSTEMPATH/View/View.php(213): include('APPPATH/Views/mahasiswa/create.php')
 3 SYSTEMPATH/View/View.php(216): CodeIgniter\View\View->CodeIgniter\View\{closure}()
 4 SYSTEMPATH/Common.php(1135): CodeIgniter\View\View->render('mahasiswa/create', [], true)
 5 APPPATH/Controllers/Main.php(139): view('mahasiswa/create', [...])
 6 SYSTEMPATH/CodeIgniter.php(898): App\Controllers\Main->mhs_create()
 7 SYSTEMPATH/CodeIgniter.php(468): CodeIgniter\CodeIgniter->runController(Object(App\Controllers\Main))
 8 SYSTEMPATH/CodeIgniter.php(351): CodeIgniter\CodeIgniter->handleRequest(null, Object(Config\Cache), false)
 9 FCPATH/index.php(55): CodeIgniter\CodeIgniter->run()
10 SYSTEMPATH/Commands/Server/rewrite.php(43): require_once('FCPATH/index.php')
CRITICAL - 2023-04-10 16:03:12 --> Undefined variable $jp
in APPPATH/Views/mahasiswa/create.php on line 29.
 1 APPPATH/Views/mahasiswa/create.php(29): CodeIgniter\Debug\Exceptions->errorHandler(2, 'Undefined variable $jp', 'APPPATH/Views/mahasiswa/create.php', 29)
 2 SYSTEMPATH/View/View.php(213): include('APPPATH/Views/mahasiswa/create.php')
 3 SYSTEMPATH/View/View.php(216): CodeIgniter\View\View->CodeIgniter\View\{closure}()
 4 SYSTEMPATH/Common.php(1135): CodeIgniter\View\View->render('mahasiswa/create', [], true)
 5 APPPATH/Controllers/Main.php(139): view('mahasiswa/create', [...])
 6 SYSTEMPATH/CodeIgniter.php(898): App\Controllers\Main->mhs_create()
 7 SYSTEMPATH/CodeIgniter.php(468): CodeIgniter\CodeIgniter->runController(Object(App\Controllers\Main))
 8 SYSTEMPATH/CodeIgniter.php(351): CodeIgniter\CodeIgniter->handleRequest(null, Object(Config\Cache), false)
 9 FCPATH/index.php(55): CodeIgniter\CodeIgniter->run()
10 SYSTEMPATH/Commands/Server/rewrite.php(43): require_once('FCPATH/index.php')
CRITICAL - 2023-04-10 16:03:18 --> Undefined variable $jp
in APPPATH/Views/mahasiswa/create.php on line 29.
 1 APPPATH/Views/mahasiswa/create.php(29): CodeIgniter\Debug\Exceptions->errorHandler(2, 'Undefined variable $jp', 'APPPATH/Views/mahasiswa/create.php', 29)
 2 SYSTEMPATH/View/View.php(213): include('APPPATH/Views/mahasiswa/create.php')
 3 SYSTEMPATH/View/View.php(216): CodeIgniter\View\View->CodeIgniter\View\{closure}()
 4 SYSTEMPATH/Common.php(1135): CodeIgniter\View\View->render('mahasiswa/create', [], true)
 5 APPPATH/Controllers/Main.php(139): view('mahasiswa/create', [...])
 6 SYSTEMPATH/CodeIgniter.php(898): App\Controllers\Main->mhs_create()
 7 SYSTEMPATH/CodeIgniter.php(468): CodeIgniter\CodeIgniter->runController(Object(App\Controllers\Main))
 8 SYSTEMPATH/CodeIgniter.php(351): CodeIgniter\CodeIgniter->handleRequest(null, Object(Config\Cache), false)
 9 FCPATH/index.php(55): CodeIgniter\CodeIgniter->run()
10 SYSTEMPATH/Commands/Server/rewrite.php(43): require_once('FCPATH/index.php')
ERROR - 2023-04-10 16:04:55 --> You have an error in your SQL syntax; check the manual that corresponds to your MariaDB server version for the right syntax to use near '(id) ASC' at line 3
CRITICAL - 2023-04-10 16:04:55 --> Call to a member function getResult() on bool
in APPPATH/Controllers/Main.php on line 137.
 1 SYSTEMPATH/CodeIgniter.php(898): App\Controllers\Main->mhs_create()
 2 SYSTEMPATH/CodeIgniter.php(468): CodeIgniter\CodeIgniter->runController(Object(App\Controllers\Main))
 3 SYSTEMPATH/CodeIgniter.php(351): CodeIgniter\CodeIgniter->handleRequest(null, Object(Config\Cache), false)
 4 FCPATH/index.php(55): CodeIgniter\CodeIgniter->run()
 5 SYSTEMPATH/Commands/Server/rewrite.php(43): require_once('FCPATH/index.php')
ERROR - 2023-04-10 16:05:00 --> You have an error in your SQL syntax; check the manual that corresponds to your MariaDB server version for the right syntax to use near '(id) ASC' at line 3
CRITICAL - 2023-04-10 16:05:00 --> Call to a member function getResult() on bool
in APPPATH/Controllers/Main.php on line 137.
 1 SYSTEMPATH/CodeIgniter.php(898): App\Controllers\Main->mhs_create()
 2 SYSTEMPATH/CodeIgniter.php(468): CodeIgniter\CodeIgniter->runController(Object(App\Controllers\Main))
 3 SYSTEMPATH/CodeIgniter.php(351): CodeIgniter\CodeIgniter->handleRequest(null, Object(Config\Cache), false)
 4 FCPATH/index.php(55): CodeIgniter\CodeIgniter->run()
 5 SYSTEMPATH/Commands/Server/rewrite.php(43): require_once('FCPATH/index.php')
CRITICAL - 2023-04-10 16:05:05 --> Undefined variable $jp
in APPPATH/Views/mahasiswa/create.php on line 29.
 1 APPPATH/Views/mahasiswa/create.php(29): CodeIgniter\Debug\Exceptions->errorHandler(2, 'Undefined variable $jp', 'APPPATH/Views/mahasiswa/create.php', 29)
 2 SYSTEMPATH/View/View.php(213): include('APPPATH/Views/mahasiswa/create.php')
 3 SYSTEMPATH/View/View.php(216): CodeIgniter\View\View->CodeIgniter\View\{closure}()
 4 SYSTEMPATH/Common.php(1135): CodeIgniter\View\View->render('mahasiswa/create', [], true)
 5 APPPATH/Controllers/Main.php(139): view('mahasiswa/create', [...])
 6 SYSTEMPATH/CodeIgniter.php(898): App\Controllers\Main->mhs_create()
 7 SYSTEMPATH/CodeIgniter.php(468): CodeIgniter\CodeIgniter->runController(Object(App\Controllers\Main))
 8 SYSTEMPATH/CodeIgniter.php(351): CodeIgniter\CodeIgniter->handleRequest(null, Object(Config\Cache), false)
 9 FCPATH/index.php(55): CodeIgniter\CodeIgniter->run()
10 SYSTEMPATH/Commands/Server/rewrite.php(43): require_once('FCPATH/index.php')
CRITICAL - 2023-04-10 16:05:21 --> Object of class stdClass could not be converted to string
in APPPATH/Views/mahasiswa/create.php on line 30.
 1 SYSTEMPATH/View/View.php(213): include()
 2 SYSTEMPATH/View/View.php(216): CodeIgniter\View\View->CodeIgniter\View\{closure}()
 3 SYSTEMPATH/Common.php(1135): CodeIgniter\View\View->render('mahasiswa/create', [], true)
 4 APPPATH/Controllers/Main.php(139): view('mahasiswa/create', [...])
 5 SYSTEMPATH/CodeIgniter.php(898): App\Controllers\Main->mhs_create()
 6 SYSTEMPATH/CodeIgniter.php(468): CodeIgniter\CodeIgniter->runController(Object(App\Controllers\Main))
 7 SYSTEMPATH/CodeIgniter.php(351): CodeIgniter\CodeIgniter->handleRequest(null, Object(Config\Cache), false)
 8 FCPATH/index.php(55): CodeIgniter\CodeIgniter->run()
 9 SYSTEMPATH/Commands/Server/rewrite.php(43): require_once('FCPATH/index.php')
CRITICAL - 2023-04-10 16:05:23 --> Object of class stdClass could not be converted to string
in APPPATH/Views/mahasiswa/create.php on line 30.
 1 SYSTEMPATH/View/View.php(213): include()
 2 SYSTEMPATH/View/View.php(216): CodeIgniter\View\View->CodeIgniter\View\{closure}()
 3 SYSTEMPATH/Common.php(1135): CodeIgniter\View\View->render('mahasiswa/create', [], true)
 4 APPPATH/Controllers/Main.php(139): view('mahasiswa/create', [...])
 5 SYSTEMPATH/CodeIgniter.php(898): App\Controllers\Main->mhs_create()
 6 SYSTEMPATH/CodeIgniter.php(468): CodeIgniter\CodeIgniter->runController(Object(App\Controllers\Main))
 7 SYSTEMPATH/CodeIgniter.php(351): CodeIgniter\CodeIgniter->handleRequest(null, Object(Config\Cache), false)
 8 FCPATH/index.php(55): CodeIgniter\CodeIgniter->run()
 9 SYSTEMPATH/Commands/Server/rewrite.php(43): require_once('FCPATH/index.php')
CRITICAL - 2023-04-10 16:05:37 --> Object of class stdClass could not be converted to string
in APPPATH/Views/mahasiswa/create.php on line 30.
 1 SYSTEMPATH/View/View.php(213): include()
 2 SYSTEMPATH/View/View.php(216): CodeIgniter\View\View->CodeIgniter\View\{closure}()
 3 SYSTEMPATH/Common.php(1135): CodeIgniter\View\View->render('mahasiswa/create', [], true)
 4 APPPATH/Controllers/Main.php(139): view('mahasiswa/create', [...])
 5 SYSTEMPATH/CodeIgniter.php(898): App\Controllers\Main->mhs_create()
 6 SYSTEMPATH/CodeIgniter.php(468): CodeIgniter\CodeIgniter->runController(Object(App\Controllers\Main))
 7 SYSTEMPATH/CodeIgniter.php(351): CodeIgniter\CodeIgniter->handleRequest(null, Object(Config\Cache), false)
 8 FCPATH/index.php(55): CodeIgniter\CodeIgniter->run()
 9 SYSTEMPATH/Commands/Server/rewrite.php(43): require_once('FCPATH/index.php')
CRITICAL - 2023-04-10 16:05:38 --> Object of class stdClass could not be converted to string
in APPPATH/Views/mahasiswa/create.php on line 30.
 1 SYSTEMPATH/View/View.php(213): include()
 2 SYSTEMPATH/View/View.php(216): CodeIgniter\View\View->CodeIgniter\View\{closure}()
 3 SYSTEMPATH/Common.php(1135): CodeIgniter\View\View->render('mahasiswa/create', [], true)
 4 APPPATH/Controllers/Main.php(139): view('mahasiswa/create', [...])
 5 SYSTEMPATH/CodeIgniter.php(898): App\Controllers\Main->mhs_create()
 6 SYSTEMPATH/CodeIgniter.php(468): CodeIgniter\CodeIgniter->runController(Object(App\Controllers\Main))
 7 SYSTEMPATH/CodeIgniter.php(351): CodeIgniter\CodeIgniter->handleRequest(null, Object(Config\Cache), false)
 8 FCPATH/index.php(55): CodeIgniter\CodeIgniter->run()
 9 SYSTEMPATH/Commands/Server/rewrite.php(43): require_once('FCPATH/index.php')
CRITICAL - 2023-04-10 16:09:55 --> Undefined variable $jenjang
in APPPATH/Views/mahasiswa/create.php on line 29.
 1 APPPATH/Views/mahasiswa/create.php(29): CodeIgniter\Debug\Exceptions->errorHandler(2, 'Undefined variable $jenjang', 'APPPATH/Views/mahasiswa/create.php', 29)
 2 SYSTEMPATH/View/View.php(213): include('APPPATH/Views/mahasiswa/create.php')
 3 SYSTEMPATH/View/View.php(216): CodeIgniter\View\View->CodeIgniter\View\{closure}()
 4 SYSTEMPATH/Common.php(1135): CodeIgniter\View\View->render('mahasiswa/create', [], true)
 5 APPPATH/Controllers/Main.php(140): view('mahasiswa/create', [...])
 6 SYSTEMPATH/CodeIgniter.php(898): App\Controllers\Main->mhs_create()
 7 SYSTEMPATH/CodeIgniter.php(468): CodeIgniter\CodeIgniter->runController(Object(App\Controllers\Main))
 8 SYSTEMPATH/CodeIgniter.php(351): CodeIgniter\CodeIgniter->handleRequest(null, Object(Config\Cache), false)
 9 FCPATH/index.php(55): CodeIgniter\CodeIgniter->run()
10 SYSTEMPATH/Commands/Server/rewrite.php(43): require_once('FCPATH/index.php')
CRITICAL - 2023-04-10 16:10:30 --> Undefined variable $jenjang
in APPPATH/Views/mahasiswa/create.php on line 29.
 1 APPPATH/Views/mahasiswa/create.php(29): CodeIgniter\Debug\Exceptions->errorHandler(2, 'Undefined variable $jenjang', 'APPPATH/Views/mahasiswa/create.php', 29)
 2 SYSTEMPATH/View/View.php(213): include('APPPATH/Views/mahasiswa/create.php')
 3 SYSTEMPATH/View/View.php(216): CodeIgniter\View\View->CodeIgniter\View\{closure}()
 4 SYSTEMPATH/Common.php(1135): CodeIgniter\View\View->render('mahasiswa/create', [], true)
 5 APPPATH/Controllers/Main.php(140): view('mahasiswa/create', [...])
 6 SYSTEMPATH/CodeIgniter.php(898): App\Controllers\Main->mhs_create()
 7 SYSTEMPATH/CodeIgniter.php(468): CodeIgniter\CodeIgniter->runController(Object(App\Controllers\Main))
 8 SYSTEMPATH/CodeIgniter.php(351): CodeIgniter\CodeIgniter->handleRequest(null, Object(Config\Cache), false)
 9 FCPATH/index.php(55): CodeIgniter\CodeIgniter->run()
10 SYSTEMPATH/Commands/Server/rewrite.php(43): require_once('FCPATH/index.php')
CRITICAL - 2023-04-10 16:10:31 --> Undefined variable $jenjang
in APPPATH/Views/mahasiswa/create.php on line 29.
 1 APPPATH/Views/mahasiswa/create.php(29): CodeIgniter\Debug\Exceptions->errorHandler(2, 'Undefined variable $jenjang', 'APPPATH/Views/mahasiswa/create.php', 29)
 2 SYSTEMPATH/View/View.php(213): include('APPPATH/Views/mahasiswa/create.php')
 3 SYSTEMPATH/View/View.php(216): CodeIgniter\View\View->CodeIgniter\View\{closure}()
 4 SYSTEMPATH/Common.php(1135): CodeIgniter\View\View->render('mahasiswa/create', [], true)
 5 APPPATH/Controllers/Main.php(140): view('mahasiswa/create', [...])
 6 SYSTEMPATH/CodeIgniter.php(898): App\Controllers\Main->mhs_create()
 7 SYSTEMPATH/CodeIgniter.php(468): CodeIgniter\CodeIgniter->runController(Object(App\Controllers\Main))
 8 SYSTEMPATH/CodeIgniter.php(351): CodeIgniter\CodeIgniter->handleRequest(null, Object(Config\Cache), false)
 9 FCPATH/index.php(55): CodeIgniter\CodeIgniter->run()
10 SYSTEMPATH/Commands/Server/rewrite.php(43): require_once('FCPATH/index.php')
CRITICAL - 2023-04-10 16:10:34 --> Undefined variable $jenjang
in APPPATH/Views/mahasiswa/create.php on line 29.
 1 APPPATH/Views/mahasiswa/create.php(29): CodeIgniter\Debug\Exceptions->errorHandler(2, 'Undefined variable $jenjang', 'APPPATH/Views/mahasiswa/create.php', 29)
 2 SYSTEMPATH/View/View.php(213): include('APPPATH/Views/mahasiswa/create.php')
 3 SYSTEMPATH/View/View.php(216): CodeIgniter\View\View->CodeIgniter\View\{closure}()
 4 SYSTEMPATH/Common.php(1135): CodeIgniter\View\View->render('mahasiswa/create', [], true)
 5 APPPATH/Controllers/Main.php(140): view('mahasiswa/create', [...])
 6 SYSTEMPATH/CodeIgniter.php(898): App\Controllers\Main->mhs_create()
 7 SYSTEMPATH/CodeIgniter.php(468): CodeIgniter\CodeIgniter->runController(Object(App\Controllers\Main))
 8 SYSTEMPATH/CodeIgniter.php(351): CodeIgniter\CodeIgniter->handleRequest(null, Object(Config\Cache), false)
 9 FCPATH/index.php(55): CodeIgniter\CodeIgniter->run()
10 SYSTEMPATH/Commands/Server/rewrite.php(43): require_once('FCPATH/index.php')
CRITICAL - 2023-04-10 16:12:53 --> Undefined variable $jenjang
in APPPATH/Views/mahasiswa/create.php on line 29.
 1 APPPATH/Views/mahasiswa/create.php(29): CodeIgniter\Debug\Exceptions->errorHandler(2, 'Undefined variable $jenjang', 'APPPATH/Views/mahasiswa/create.php', 29)
 2 SYSTEMPATH/View/View.php(213): include('APPPATH/Views/mahasiswa/create.php')
 3 SYSTEMPATH/View/View.php(216): CodeIgniter\View\View->CodeIgniter\View\{closure}()
 4 SYSTEMPATH/Common.php(1135): CodeIgniter\View\View->render('mahasiswa/create', [], true)
 5 APPPATH/Controllers/Main.php(140): view('mahasiswa/create', [...])
 6 SYSTEMPATH/CodeIgniter.php(898): App\Controllers\Main->mhs_create()
 7 SYSTEMPATH/CodeIgniter.php(468): CodeIgniter\CodeIgniter->runController(Object(App\Controllers\Main))
 8 SYSTEMPATH/CodeIgniter.php(351): CodeIgniter\CodeIgniter->handleRequest(null, Object(Config\Cache), false)
 9 FCPATH/index.php(55): CodeIgniter\CodeIgniter->run()
10 SYSTEMPATH/Commands/Server/rewrite.php(43): require_once('FCPATH/index.php')
CRITICAL - 2023-04-10 16:12:55 --> Undefined variable $jenjang
in APPPATH/Views/mahasiswa/create.php on line 29.
 1 APPPATH/Views/mahasiswa/create.php(29): CodeIgniter\Debug\Exceptions->errorHandler(2, 'Undefined variable $jenjang', 'APPPATH/Views/mahasiswa/create.php', 29)
 2 SYSTEMPATH/View/View.php(213): include('APPPATH/Views/mahasiswa/create.php')
 3 SYSTEMPATH/View/View.php(216): CodeIgniter\View\View->CodeIgniter\View\{closure}()
 4 SYSTEMPATH/Common.php(1135): CodeIgniter\View\View->render('mahasiswa/create', [], true)
 5 APPPATH/Controllers/Main.php(140): view('mahasiswa/create', [...])
 6 SYSTEMPATH/CodeIgniter.php(898): App\Controllers\Main->mhs_create()
 7 SYSTEMPATH/CodeIgniter.php(468): CodeIgniter\CodeIgniter->runController(Object(App\Controllers\Main))
 8 SYSTEMPATH/CodeIgniter.php(351): CodeIgniter\CodeIgniter->handleRequest(null, Object(Config\Cache), false)
 9 FCPATH/index.php(55): CodeIgniter\CodeIgniter->run()
10 SYSTEMPATH/Commands/Server/rewrite.php(43): require_once('FCPATH/index.php')
CRITICAL - 2023-04-10 16:12:58 --> Undefined variable $jenjang
in APPPATH/Views/mahasiswa/create.php on line 29.
 1 APPPATH/Views/mahasiswa/create.php(29): CodeIgniter\Debug\Exceptions->errorHandler(2, 'Undefined variable $jenjang', 'APPPATH/Views/mahasiswa/create.php', 29)
 2 SYSTEMPATH/View/View.php(213): include('APPPATH/Views/mahasiswa/create.php')
 3 SYSTEMPATH/View/View.php(216): CodeIgniter\View\View->CodeIgniter\View\{closure}()
 4 SYSTEMPATH/Common.php(1135): CodeIgniter\View\View->render('mahasiswa/create', [], true)
 5 APPPATH/Controllers/Main.php(140): view('mahasiswa/create', [...])
 6 SYSTEMPATH/CodeIgniter.php(898): App\Controllers\Main->mhs_create()
 7 SYSTEMPATH/CodeIgniter.php(468): CodeIgniter\CodeIgniter->runController(Object(App\Controllers\Main))
 8 SYSTEMPATH/CodeIgniter.php(351): CodeIgniter\CodeIgniter->handleRequest(null, Object(Config\Cache), false)
 9 FCPATH/index.php(55): CodeIgniter\CodeIgniter->run()
10 SYSTEMPATH/Commands/Server/rewrite.php(43): require_once('FCPATH/index.php')
CRITICAL - 2023-04-10 16:13:13 --> Undefined variable $jenjang
in APPPATH/Views/mahasiswa/create.php on line 29.
 1 APPPATH/Views/mahasiswa/create.php(29): CodeIgniter\Debug\Exceptions->errorHandler(2, 'Undefined variable $jenjang', 'APPPATH/Views/mahasiswa/create.php', 29)
 2 SYSTEMPATH/View/View.php(213): include('APPPATH/Views/mahasiswa/create.php')
 3 SYSTEMPATH/View/View.php(216): CodeIgniter\View\View->CodeIgniter\View\{closure}()
 4 SYSTEMPATH/Common.php(1135): CodeIgniter\View\View->render('mahasiswa/create', [], true)
 5 APPPATH/Controllers/Main.php(140): view('mahasiswa/create', [...])
 6 SYSTEMPATH/CodeIgniter.php(898): App\Controllers\Main->mhs_create()
 7 SYSTEMPATH/CodeIgniter.php(468): CodeIgniter\CodeIgniter->runController(Object(App\Controllers\Main))
 8 SYSTEMPATH/CodeIgniter.php(351): CodeIgniter\CodeIgniter->handleRequest(null, Object(Config\Cache), false)
 9 FCPATH/index.php(55): CodeIgniter\CodeIgniter->run()
10 SYSTEMPATH/Commands/Server/rewrite.php(43): require_once('FCPATH/index.php')
CRITICAL - 2023-04-10 16:15:37 --> Undefined variable $jenjang
in APPPATH/Views/mahasiswa/create.php on line 29.
 1 APPPATH/Views/mahasiswa/create.php(29): CodeIgniter\Debug\Exceptions->errorHandler(2, 'Undefined variable $jenjang', 'APPPATH/Views/mahasiswa/create.php', 29)
 2 SYSTEMPATH/View/View.php(213): include('APPPATH/Views/mahasiswa/create.php')
 3 SYSTEMPATH/View/View.php(216): CodeIgniter\View\View->CodeIgniter\View\{closure}()
 4 SYSTEMPATH/Common.php(1135): CodeIgniter\View\View->render('mahasiswa/create', [], true)
 5 APPPATH/Controllers/Main.php(140): view('mahasiswa/create', [...])
 6 SYSTEMPATH/CodeIgniter.php(898): App\Controllers\Main->mhs_create()
 7 SYSTEMPATH/CodeIgniter.php(468): CodeIgniter\CodeIgniter->runController(Object(App\Controllers\Main))
 8 SYSTEMPATH/CodeIgniter.php(351): CodeIgniter\CodeIgniter->handleRequest(null, Object(Config\Cache), false)
 9 FCPATH/index.php(55): CodeIgniter\CodeIgniter->run()
10 SYSTEMPATH/Commands/Server/rewrite.php(43): require_once('FCPATH/index.php')
CRITICAL - 2023-04-10 16:15:41 --> Undefined variable $jenjang
in APPPATH/Views/mahasiswa/create.php on line 29.
 1 APPPATH/Views/mahasiswa/create.php(29): CodeIgniter\Debug\Exceptions->errorHandler(2, 'Undefined variable $jenjang', 'APPPATH/Views/mahasiswa/create.php', 29)
 2 SYSTEMPATH/View/View.php(213): include('APPPATH/Views/mahasiswa/create.php')
 3 SYSTEMPATH/View/View.php(216): CodeIgniter\View\View->CodeIgniter\View\{closure}()
 4 SYSTEMPATH/Common.php(1135): CodeIgniter\View\View->render('mahasiswa/create', [], true)
 5 APPPATH/Controllers/Main.php(140): view('mahasiswa/create', [...])
 6 SYSTEMPATH/CodeIgniter.php(898): App\Controllers\Main->mhs_create()
 7 SYSTEMPATH/CodeIgniter.php(468): CodeIgniter\CodeIgniter->runController(Object(App\Controllers\Main))
 8 SYSTEMPATH/CodeIgniter.php(351): CodeIgniter\CodeIgniter->handleRequest(null, Object(Config\Cache), false)
 9 FCPATH/index.php(55): CodeIgniter\CodeIgniter->run()
10 SYSTEMPATH/Commands/Server/rewrite.php(43): require_once('FCPATH/index.php')
CRITICAL - 2023-04-10 16:17:23 --> Undefined variable $jenjang
in APPPATH/Views/mahasiswa/create.php on line 29.
 1 APPPATH/Views/mahasiswa/create.php(29): CodeIgniter\Debug\Exceptions->errorHandler(2, 'Undefined variable $jenjang', 'APPPATH/Views/mahasiswa/create.php', 29)
 2 SYSTEMPATH/View/View.php(213): include('APPPATH/Views/mahasiswa/create.php')
 3 SYSTEMPATH/View/View.php(216): CodeIgniter\View\View->CodeIgniter\View\{closure}()
 4 SYSTEMPATH/Common.php(1135): CodeIgniter\View\View->render('mahasiswa/create', [], true)
 5 APPPATH/Controllers/Main.php(140): view('mahasiswa/create', [...])
 6 SYSTEMPATH/CodeIgniter.php(898): App\Controllers\Main->mhs_create()
 7 SYSTEMPATH/CodeIgniter.php(468): CodeIgniter\CodeIgniter->runController(Object(App\Controllers\Main))
 8 SYSTEMPATH/CodeIgniter.php(351): CodeIgniter\CodeIgniter->handleRequest(null, Object(Config\Cache), false)
 9 FCPATH/index.php(55): CodeIgniter\CodeIgniter->run()
10 SYSTEMPATH/Commands/Server/rewrite.php(43): require_once('FCPATH/index.php')
CRITICAL - 2023-04-10 16:18:49 --> Undefined variable $nama
in APPPATH/Views/mahasiswa/create.php on line 30.
 1 APPPATH/Views/mahasiswa/create.php(30): CodeIgniter\Debug\Exceptions->errorHandler(2, 'Undefined variable $nama', 'APPPATH/Views/mahasiswa/create.php', 30)
 2 SYSTEMPATH/View/View.php(213): include('APPPATH/Views/mahasiswa/create.php')
 3 SYSTEMPATH/View/View.php(216): CodeIgniter\View\View->CodeIgniter\View\{closure}()
 4 SYSTEMPATH/Common.php(1135): CodeIgniter\View\View->render('mahasiswa/create', [], true)
 5 APPPATH/Controllers/Main.php(140): view('mahasiswa/create', [...])
 6 SYSTEMPATH/CodeIgniter.php(898): App\Controllers\Main->mhs_create()
 7 SYSTEMPATH/CodeIgniter.php(468): CodeIgniter\CodeIgniter->runController(Object(App\Controllers\Main))
 8 SYSTEMPATH/CodeIgniter.php(351): CodeIgniter\CodeIgniter->handleRequest(null, Object(Config\Cache), false)
 9 FCPATH/index.php(55): CodeIgniter\CodeIgniter->run()
10 SYSTEMPATH/Commands/Server/rewrite.php(43): require_once('FCPATH/index.php')
CRITICAL - 2023-04-10 16:19:15 --> Undefined variable $nama
in APPPATH/Views/mahasiswa/create.php on line 30.
 1 APPPATH/Views/mahasiswa/create.php(30): CodeIgniter\Debug\Exceptions->errorHandler(2, 'Undefined variable $nama', 'APPPATH/Views/mahasiswa/create.php', 30)
 2 SYSTEMPATH/View/View.php(213): include('APPPATH/Views/mahasiswa/create.php')
 3 SYSTEMPATH/View/View.php(216): CodeIgniter\View\View->CodeIgniter\View\{closure}()
 4 SYSTEMPATH/Common.php(1135): CodeIgniter\View\View->render('mahasiswa/create', [], true)
 5 APPPATH/Controllers/Main.php(140): view('mahasiswa/create', [...])
 6 SYSTEMPATH/CodeIgniter.php(898): App\Controllers\Main->mhs_create()
 7 SYSTEMPATH/CodeIgniter.php(468): CodeIgniter\CodeIgniter->runController(Object(App\Controllers\Main))
 8 SYSTEMPATH/CodeIgniter.php(351): CodeIgniter\CodeIgniter->handleRequest(null, Object(Config\Cache), false)
 9 FCPATH/index.php(55): CodeIgniter\CodeIgniter->run()
10 SYSTEMPATH/Commands/Server/rewrite.php(43): require_once('FCPATH/index.php')
CRITICAL - 2023-04-10 16:19:33 --> Undefined variable $data
in APPPATH/Views/mahasiswa/create.php on line 29.
 1 APPPATH/Views/mahasiswa/create.php(29): CodeIgniter\Debug\Exceptions->errorHandler(2, 'Undefined variable $data', 'APPPATH/Views/mahasiswa/create.php', 29)
 2 SYSTEMPATH/View/View.php(213): include('APPPATH/Views/mahasiswa/create.php')
 3 SYSTEMPATH/View/View.php(216): CodeIgniter\View\View->CodeIgniter\View\{closure}()
 4 SYSTEMPATH/Common.php(1135): CodeIgniter\View\View->render('mahasiswa/create', [], true)
 5 APPPATH/Controllers/Main.php(140): view('mahasiswa/create', [...])
 6 SYSTEMPATH/CodeIgniter.php(898): App\Controllers\Main->mhs_create()
 7 SYSTEMPATH/CodeIgniter.php(468): CodeIgniter\CodeIgniter->runController(Object(App\Controllers\Main))
 8 SYSTEMPATH/CodeIgniter.php(351): CodeIgniter\CodeIgniter->handleRequest(null, Object(Config\Cache), false)
 9 FCPATH/index.php(55): CodeIgniter\CodeIgniter->run()
10 SYSTEMPATH/Commands/Server/rewrite.php(43): require_once('FCPATH/index.php')
CRITICAL - 2023-04-10 16:19:45 --> Undefined variable $jenjang
in APPPATH/Views/mahasiswa/create.php on line 29.
 1 APPPATH/Views/mahasiswa/create.php(29): CodeIgniter\Debug\Exceptions->errorHandler(2, 'Undefined variable $jenjang', 'APPPATH/Views/mahasiswa/create.php', 29)
 2 SYSTEMPATH/View/View.php(213): include('APPPATH/Views/mahasiswa/create.php')
 3 SYSTEMPATH/View/View.php(216): CodeIgniter\View\View->CodeIgniter\View\{closure}()
 4 SYSTEMPATH/Common.php(1135): CodeIgniter\View\View->render('mahasiswa/create', [], true)
 5 APPPATH/Controllers/Main.php(140): view('mahasiswa/create', [...])
 6 SYSTEMPATH/CodeIgniter.php(898): App\Controllers\Main->mhs_create()
 7 SYSTEMPATH/CodeIgniter.php(468): CodeIgniter\CodeIgniter->runController(Object(App\Controllers\Main))
 8 SYSTEMPATH/CodeIgniter.php(351): CodeIgniter\CodeIgniter->handleRequest(null, Object(Config\Cache), false)
 9 FCPATH/index.php(55): CodeIgniter\CodeIgniter->run()
10 SYSTEMPATH/Commands/Server/rewrite.php(43): require_once('FCPATH/index.php')
CRITICAL - 2023-04-10 16:23:15 --> Undefined variable $jenjang
in APPPATH/Views/mahasiswa/create.php on line 29.
 1 APPPATH/Views/mahasiswa/create.php(29): CodeIgniter\Debug\Exceptions->errorHandler(2, 'Undefined variable $jenjang', 'APPPATH/Views/mahasiswa/create.php', 29)
 2 SYSTEMPATH/View/View.php(213): include('APPPATH/Views/mahasiswa/create.php')
 3 SYSTEMPATH/View/View.php(216): CodeIgniter\View\View->CodeIgniter\View\{closure}()
 4 SYSTEMPATH/Common.php(1135): CodeIgniter\View\View->render('mahasiswa/create', [], true)
 5 APPPATH/Controllers/Main.php(139): view('mahasiswa/create', [...])
 6 SYSTEMPATH/CodeIgniter.php(898): App\Controllers\Main->mhs_create()
 7 SYSTEMPATH/CodeIgniter.php(468): CodeIgniter\CodeIgniter->runController(Object(App\Controllers\Main))
 8 SYSTEMPATH/CodeIgniter.php(351): CodeIgniter\CodeIgniter->handleRequest(null, Object(Config\Cache), false)
 9 FCPATH/index.php(55): CodeIgniter\CodeIgniter->run()
10 SYSTEMPATH/Commands/Server/rewrite.php(43): require_once('FCPATH/index.php')
CRITICAL - 2023-04-10 16:23:23 --> Undefined variable $jenjang
in APPPATH/Views/mahasiswa/create.php on line 29.
 1 APPPATH/Views/mahasiswa/create.php(29): CodeIgniter\Debug\Exceptions->errorHandler(2, 'Undefined variable $jenjang', 'APPPATH/Views/mahasiswa/create.php', 29)
 2 SYSTEMPATH/View/View.php(213): include('APPPATH/Views/mahasiswa/create.php')
 3 SYSTEMPATH/View/View.php(216): CodeIgniter\View\View->CodeIgniter\View\{closure}()
 4 SYSTEMPATH/Common.php(1135): CodeIgniter\View\View->render('mahasiswa/create', [], true)
 5 APPPATH/Controllers/Main.php(139): view('mahasiswa/create', [...])
 6 SYSTEMPATH/CodeIgniter.php(898): App\Controllers\Main->mhs_create()
 7 SYSTEMPATH/CodeIgniter.php(468): CodeIgniter\CodeIgniter->runController(Object(App\Controllers\Main))
 8 SYSTEMPATH/CodeIgniter.php(351): CodeIgniter\CodeIgniter->handleRequest(null, Object(Config\Cache), false)
 9 FCPATH/index.php(55): CodeIgniter\CodeIgniter->run()
10 SYSTEMPATH/Commands/Server/rewrite.php(43): require_once('FCPATH/index.php')
CRITICAL - 2023-04-10 16:25:00 --> Undefined variable $jenjang
in APPPATH/Views/mahasiswa/create.php on line 29.
 1 APPPATH/Views/mahasiswa/create.php(29): CodeIgniter\Debug\Exceptions->errorHandler(2, 'Undefined variable $jenjang', 'APPPATH/Views/mahasiswa/create.php', 29)
 2 SYSTEMPATH/View/View.php(213): include('APPPATH/Views/mahasiswa/create.php')
 3 SYSTEMPATH/View/View.php(216): CodeIgniter\View\View->CodeIgniter\View\{closure}()
 4 SYSTEMPATH/Common.php(1135): CodeIgniter\View\View->render('mahasiswa/create', [], true)
 5 APPPATH/Controllers/Main.php(139): view('mahasiswa/create', [...])
 6 SYSTEMPATH/CodeIgniter.php(898): App\Controllers\Main->mhs_create()
 7 SYSTEMPATH/CodeIgniter.php(468): CodeIgniter\CodeIgniter->runController(Object(App\Controllers\Main))
 8 SYSTEMPATH/CodeIgniter.php(351): CodeIgniter\CodeIgniter->handleRequest(null, Object(Config\Cache), false)
 9 FCPATH/index.php(55): CodeIgniter\CodeIgniter->run()
10 SYSTEMPATH/Commands/Server/rewrite.php(43): require_once('FCPATH/index.php')
CRITICAL - 2023-04-10 16:25:14 --> Undefined variable $data
in APPPATH/Views/mahasiswa/create.php on line 29.
 1 APPPATH/Views/mahasiswa/create.php(29): CodeIgniter\Debug\Exceptions->errorHandler(2, 'Undefined variable $data', 'APPPATH/Views/mahasiswa/create.php', 29)
 2 SYSTEMPATH/View/View.php(213): include('APPPATH/Views/mahasiswa/create.php')
 3 SYSTEMPATH/View/View.php(216): CodeIgniter\View\View->CodeIgniter\View\{closure}()
 4 SYSTEMPATH/Common.php(1135): CodeIgniter\View\View->render('mahasiswa/create', [], true)
 5 APPPATH/Controllers/Main.php(139): view('mahasiswa/create', [...])
 6 SYSTEMPATH/CodeIgniter.php(898): App\Controllers\Main->mhs_create()
 7 SYSTEMPATH/CodeIgniter.php(468): CodeIgniter\CodeIgniter->runController(Object(App\Controllers\Main))
 8 SYSTEMPATH/CodeIgniter.php(351): CodeIgniter\CodeIgniter->handleRequest(null, Object(Config\Cache), false)
 9 FCPATH/index.php(55): CodeIgniter\CodeIgniter->run()
10 SYSTEMPATH/Commands/Server/rewrite.php(43): require_once('FCPATH/index.php')
CRITICAL - 2023-04-10 16:26:43 --> Call to undefined method App\Models\JenjangModel::getResult
in SYSTEMPATH/Model.php on line 773.
 1 APPPATH/Controllers/Main.php(137): CodeIgniter\Model->__call('getResult', [])
 2 SYSTEMPATH/CodeIgniter.php(898): App\Controllers\Main->mhs_create()
 3 SYSTEMPATH/CodeIgniter.php(468): CodeIgniter\CodeIgniter->runController(Object(App\Controllers\Main))
 4 SYSTEMPATH/CodeIgniter.php(351): CodeIgniter\CodeIgniter->handleRequest(null, Object(Config\Cache), false)
 5 FCPATH/index.php(55): CodeIgniter\CodeIgniter->run()
 6 SYSTEMPATH/Commands/Server/rewrite.php(43): require_once('FCPATH/index.php')
CRITICAL - 2023-04-10 16:27:14 --> Undefined variable $jenjang
in APPPATH/Views/mahasiswa/create.php on line 29.
 1 APPPATH/Views/mahasiswa/create.php(29): CodeIgniter\Debug\Exceptions->errorHandler(2, 'Undefined variable $jenjang', 'APPPATH/Views/mahasiswa/create.php', 29)
 2 SYSTEMPATH/View/View.php(213): include('APPPATH/Views/mahasiswa/create.php')
 3 SYSTEMPATH/View/View.php(216): CodeIgniter\View\View->CodeIgniter\View\{closure}()
 4 SYSTEMPATH/Common.php(1135): CodeIgniter\View\View->render('mahasiswa/create', [], true)
 5 APPPATH/Controllers/Main.php(139): view('mahasiswa/create', [...])
 6 SYSTEMPATH/CodeIgniter.php(898): App\Controllers\Main->mhs_create()
 7 SYSTEMPATH/CodeIgniter.php(468): CodeIgniter\CodeIgniter->runController(Object(App\Controllers\Main))
 8 SYSTEMPATH/CodeIgniter.php(351): CodeIgniter\CodeIgniter->handleRequest(null, Object(Config\Cache), false)
 9 FCPATH/index.php(55): CodeIgniter\CodeIgniter->run()
10 SYSTEMPATH/Commands/Server/rewrite.php(43): require_once('FCPATH/index.php')
CRITICAL - 2023-04-10 16:29:19 --> Undefined variable $nama
in APPPATH/Views/mahasiswa/create.php on line 30.
 1 APPPATH/Views/mahasiswa/create.php(30): CodeIgniter\Debug\Exceptions->errorHandler(2, 'Undefined variable $nama', 'APPPATH/Views/mahasiswa/create.php', 30)
 2 SYSTEMPATH/View/View.php(213): include('APPPATH/Views/mahasiswa/create.php')
 3 SYSTEMPATH/View/View.php(216): CodeIgniter\View\View->CodeIgniter\View\{closure}()
 4 SYSTEMPATH/Common.php(1135): CodeIgniter\View\View->render('mahasiswa/create', [], true)
 5 APPPATH/Controllers/Main.php(139): view('mahasiswa/create', [...])
 6 SYSTEMPATH/CodeIgniter.php(898): App\Controllers\Main->mhs_create()
 7 SYSTEMPATH/CodeIgniter.php(468): CodeIgniter\CodeIgniter->runController(Object(App\Controllers\Main))
 8 SYSTEMPATH/CodeIgniter.php(351): CodeIgniter\CodeIgniter->handleRequest(null, Object(Config\Cache), false)
 9 FCPATH/index.php(55): CodeIgniter\CodeIgniter->run()
10 SYSTEMPATH/Commands/Server/rewrite.php(43): require_once('FCPATH/index.php')
CRITICAL - 2023-04-10 16:29:48 --> Undefined variable $id
in APPPATH/Views/mahasiswa/create.php on line 30.
 1 APPPATH/Views/mahasiswa/create.php(30): CodeIgniter\Debug\Exceptions->errorHandler(2, 'Undefined variable $id', 'APPPATH/Views/mahasiswa/create.php', 30)
 2 SYSTEMPATH/View/View.php(213): include('APPPATH/Views/mahasiswa/create.php')
 3 SYSTEMPATH/View/View.php(216): CodeIgniter\View\View->CodeIgniter\View\{closure}()
 4 SYSTEMPATH/Common.php(1135): CodeIgniter\View\View->render('mahasiswa/create', [], true)
 5 APPPATH/Controllers/Main.php(139): view('mahasiswa/create', [...])
 6 SYSTEMPATH/CodeIgniter.php(898): App\Controllers\Main->mhs_create()
 7 SYSTEMPATH/CodeIgniter.php(468): CodeIgniter\CodeIgniter->runController(Object(App\Controllers\Main))
 8 SYSTEMPATH/CodeIgniter.php(351): CodeIgniter\CodeIgniter->handleRequest(null, Object(Config\Cache), false)
 9 FCPATH/index.php(55): CodeIgniter\CodeIgniter->run()
10 SYSTEMPATH/Commands/Server/rewrite.php(43): require_once('FCPATH/index.php')
CRITICAL - 2023-04-10 16:30:13 --> Call to undefined method stdClass::getPost()
in APPPATH/Views/mahasiswa/create.php on line 30.
 1 SYSTEMPATH/View/View.php(213): include()
 2 SYSTEMPATH/View/View.php(216): CodeIgniter\View\View->CodeIgniter\View\{closure}()
 3 SYSTEMPATH/Common.php(1135): CodeIgniter\View\View->render('mahasiswa/create', [], true)
 4 APPPATH/Controllers/Main.php(139): view('mahasiswa/create', [...])
 5 SYSTEMPATH/CodeIgniter.php(898): App\Controllers\Main->mhs_create()
 6 SYSTEMPATH/CodeIgniter.php(468): CodeIgniter\CodeIgniter->runController(Object(App\Controllers\Main))
 7 SYSTEMPATH/CodeIgniter.php(351): CodeIgniter\CodeIgniter->handleRequest(null, Object(Config\Cache), false)
 8 FCPATH/index.php(55): CodeIgniter\CodeIgniter->run()
 9 SYSTEMPATH/Commands/Server/rewrite.php(43): require_once('FCPATH/index.php')
CRITICAL - 2023-04-10 16:30:26 --> Call to a member function getPost() on array
in APPPATH/Views/mahasiswa/create.php on line 30.
 1 SYSTEMPATH/View/View.php(213): include()
 2 SYSTEMPATH/View/View.php(216): CodeIgniter\View\View->CodeIgniter\View\{closure}()
 3 SYSTEMPATH/Common.php(1135): CodeIgniter\View\View->render('mahasiswa/create', [], true)
 4 APPPATH/Controllers/Main.php(139): view('mahasiswa/create', [...])
 5 SYSTEMPATH/CodeIgniter.php(898): App\Controllers\Main->mhs_create()
 6 SYSTEMPATH/CodeIgniter.php(468): CodeIgniter\CodeIgniter->runController(Object(App\Controllers\Main))
 7 SYSTEMPATH/CodeIgniter.php(351): CodeIgniter\CodeIgniter->handleRequest(null, Object(Config\Cache), false)
 8 FCPATH/index.php(55): CodeIgniter\CodeIgniter->run()
 9 SYSTEMPATH/Commands/Server/rewrite.php(43): require_once('FCPATH/index.php')
CRITICAL - 2023-04-10 16:30:48 --> Undefined array key "nama"
in APPPATH/Views/mahasiswa/create.php on line 30.
 1 APPPATH/Views/mahasiswa/create.php(30): CodeIgniter\Debug\Exceptions->errorHandler(2, 'Undefined array key "nama"', 'APPPATH/Views/mahasiswa/create.php', 30)
 2 SYSTEMPATH/View/View.php(213): include('APPPATH/Views/mahasiswa/create.php')
 3 SYSTEMPATH/View/View.php(216): CodeIgniter\View\View->CodeIgniter\View\{closure}()
 4 SYSTEMPATH/Common.php(1135): CodeIgniter\View\View->render('mahasiswa/create', [], true)
 5 APPPATH/Controllers/Main.php(139): view('mahasiswa/create', [...])
 6 SYSTEMPATH/CodeIgniter.php(898): App\Controllers\Main->mhs_create()
 7 SYSTEMPATH/CodeIgniter.php(468): CodeIgniter\CodeIgniter->runController(Object(App\Controllers\Main))
 8 SYSTEMPATH/CodeIgniter.php(351): CodeIgniter\CodeIgniter->handleRequest(null, Object(Config\Cache), false)
 9 FCPATH/index.php(55): CodeIgniter\CodeIgniter->run()
10 SYSTEMPATH/Commands/Server/rewrite.php(43): require_once('FCPATH/index.php')
CRITICAL - 2023-04-10 16:30:59 --> Cannot use object of type stdClass as array
in APPPATH/Views/mahasiswa/create.php on line 30.
 1 SYSTEMPATH/View/View.php(213): include()
 2 SYSTEMPATH/View/View.php(216): CodeIgniter\View\View->CodeIgniter\View\{closure}()
 3 SYSTEMPATH/Common.php(1135): CodeIgniter\View\View->render('mahasiswa/create', [], true)
 4 APPPATH/Controllers/Main.php(139): view('mahasiswa/create', [...])
 5 SYSTEMPATH/CodeIgniter.php(898): App\Controllers\Main->mhs_create()
 6 SYSTEMPATH/CodeIgniter.php(468): CodeIgniter\CodeIgniter->runController(Object(App\Controllers\Main))
 7 SYSTEMPATH/CodeIgniter.php(351): CodeIgniter\CodeIgniter->handleRequest(null, Object(Config\Cache), false)
 8 FCPATH/index.php(55): CodeIgniter\CodeIgniter->run()
 9 SYSTEMPATH/Commands/Server/rewrite.php(43): require_once('FCPATH/index.php')
CRITICAL - 2023-04-10 23:59:32 --> Undefined array key "stauts_pernikahan"
in APPPATH/Views/mahasiswa/edit.php on line 39.
 1 APPPATH/Views/mahasiswa/edit.php(39): CodeIgniter\Debug\Exceptions->errorHandler(2, 'Undefined array key "stauts_pernikahan"', 'APPPATH/Views/mahasiswa/edit.php', 39)
 2 SYSTEMPATH/View/View.php(213): include('APPPATH/Views/mahasiswa/edit.php')
 3 SYSTEMPATH/View/View.php(216): CodeIgniter\View\View->CodeIgniter\View\{closure}()
 4 SYSTEMPATH/Common.php(1135): CodeIgniter\View\View->render('mahasiswa/edit', [], true)
 5 APPPATH/Controllers/Main.php(188): view('mahasiswa/edit', [...])
 6 SYSTEMPATH/CodeIgniter.php(898): App\Controllers\Main->mhs_edit('1')
 7 SYSTEMPATH/CodeIgniter.php(468): CodeIgniter\CodeIgniter->runController(Object(App\Controllers\Main))
 8 SYSTEMPATH/CodeIgniter.php(351): CodeIgniter\CodeIgniter->handleRequest(null, Object(Config\Cache), false)
 9 FCPATH/index.php(55): CodeIgniter\CodeIgniter->run()
10 SYSTEMPATH/Commands/Server/rewrite.php(43): require_once('FCPATH/index.php')
