ERROR - 2023-04-03 11:19:54 --> Error connecting to the database: Unknown database 'dummy_db'
CRITICAL - 2023-04-03 11:19:54 --> Unable to connect to the database.
Main connection [MySQLi]: Unknown database 'dummy_db'
in SYSTEMPATH/Database/BaseConnection.php on line 415.
 1 SYSTEMPATH/Database/BaseConnection.php(585): CodeIgniter\Database\BaseConnection->initialize()
 2 SYSTEMPATH/Database/BaseBuilder.php(1585): CodeIgniter\Database\BaseConnection->query('SELECT *
FROM `contact_details`
ORDER BY date(date_created) ASC', [], false)
 3 SYSTEMPATH/Model.php(771): CodeIgniter\Database\BaseBuilder->get()
 4 APPPATH/Controllers/Main.php(73): CodeIgniter\Model->__call('get', [])
 5 SYSTEMPATH/CodeIgniter.php(898): App\Controllers\Main->list()
 6 SYSTEMPATH/CodeIgniter.php(468): CodeIgniter\CodeIgniter->runController(Object(App\Controllers\Main))
 7 SYSTEMPATH/CodeIgniter.php(351): CodeIgniter\CodeIgniter->handleRequest(null, Object(Config\Cache), false)
 8 FCPATH/index.php(55): CodeIgniter\CodeIgniter->run()
 9 SYSTEMPATH/Commands/Server/rewrite.php(43): require_once('FCPATH/index.php')
ERROR - 2023-04-03 14:21:24 --> Table 'contact_list.contact_details' doesn't exist
CRITICAL - 2023-04-03 14:21:24 --> Call to a member function getResult() on bool
in APPPATH\Controllers\Main.php on line 71.
 1 SYSTEMPATH\CodeIgniter.php(898): App\Controllers\Main->list()
 2 SYSTEMPATH\CodeIgniter.php(468): CodeIgniter\CodeIgniter->runController(Object(App\Controllers\Main))
 3 SYSTEMPATH\CodeIgniter.php(351): CodeIgniter\CodeIgniter->handleRequest(null, Object(Config\Cache), false)
 4 FCPATH\index.php(55): CodeIgniter\CodeIgniter->run()
 5 SYSTEMPATH\Commands\Server\rewrite.php(43): require_once('FCPATH\\index.php')
ERROR - 2023-04-03 14:23:26 --> Table 'contact_list.contact_details' doesn't exist
CRITICAL - 2023-04-03 14:23:26 --> Call to a member function getResult() on bool
in APPPATH\Controllers\Main.php on line 71.
 1 SYSTEMPATH\CodeIgniter.php(898): App\Controllers\Main->list()
 2 SYSTEMPATH\CodeIgniter.php(468): CodeIgniter\CodeIgniter->runController(Object(App\Controllers\Main))
 3 SYSTEMPATH\CodeIgniter.php(351): CodeIgniter\CodeIgniter->handleRequest(null, Object(Config\Cache), false)
 4 FCPATH\index.php(55): CodeIgniter\CodeIgniter->run()
 5 SYSTEMPATH\Commands\Server\rewrite.php(43): require_once('FCPATH\\index.php')
ERROR - 2023-04-03 14:23:51 --> Table 'contact_list.contact_details' doesn't exist
CRITICAL - 2023-04-03 14:23:51 --> Call to a member function getResult() on bool
in APPPATH\Controllers\Main.php on line 71.
 1 SYSTEMPATH\CodeIgniter.php(898): App\Controllers\Main->list()
 2 SYSTEMPATH\CodeIgniter.php(468): CodeIgniter\CodeIgniter->runController(Object(App\Controllers\Main))
 3 SYSTEMPATH\CodeIgniter.php(351): CodeIgniter\CodeIgniter->handleRequest(null, Object(Config\Cache), false)
 4 FCPATH\index.php(55): CodeIgniter\CodeIgniter->run()
 5 SYSTEMPATH\Commands\Server\rewrite.php(43): require_once('FCPATH\\index.php')
ERROR - 2023-04-03 14:24:06 --> Table 'contact_list.contact_details' doesn't exist
CRITICAL - 2023-04-03 14:24:06 --> Call to a member function getResult() on bool
in APPPATH\Controllers\Main.php on line 71.
 1 SYSTEMPATH\CodeIgniter.php(898): App\Controllers\Main->list()
 2 SYSTEMPATH\CodeIgniter.php(468): CodeIgniter\CodeIgniter->runController(Object(App\Controllers\Main))
 3 SYSTEMPATH\CodeIgniter.php(351): CodeIgniter\CodeIgniter->handleRequest(null, Object(Config\Cache), false)
 4 FCPATH\index.php(55): CodeIgniter\CodeIgniter->run()
 5 SYSTEMPATH\Commands\Server\rewrite.php(43): require_once('FCPATH\\index.php')
ERROR - 2023-04-03 14:26:07 --> Table 'contact_list.contact_details' doesn't exist
CRITICAL - 2023-04-03 14:26:07 --> Call to a member function getResult() on bool
in APPPATH\Controllers\Main.php on line 120.
 1 SYSTEMPATH\CodeIgniter.php(898): App\Controllers\Main->mhs()
 2 SYSTEMPATH\CodeIgniter.php(468): CodeIgniter\CodeIgniter->runController(Object(App\Controllers\Main))
 3 SYSTEMPATH\CodeIgniter.php(351): CodeIgniter\CodeIgniter->handleRequest(null, Object(Config\Cache), false)
 4 FCPATH\index.php(55): CodeIgniter\CodeIgniter->run()
 5 SYSTEMPATH\Commands\Server\rewrite.php(43): require_once('FCPATH\\index.php')
ERROR - 2023-04-03 14:26:22 --> Table 'contact_list.contact_details' doesn't exist
CRITICAL - 2023-04-03 14:26:22 --> Call to a member function getResult() on bool
in APPPATH\Controllers\Main.php on line 120.
 1 SYSTEMPATH\CodeIgniter.php(898): App\Controllers\Main->mhs()
 2 SYSTEMPATH\CodeIgniter.php(468): CodeIgniter\CodeIgniter->runController(Object(App\Controllers\Main))
 3 SYSTEMPATH\CodeIgniter.php(351): CodeIgniter\CodeIgniter->handleRequest(null, Object(Config\Cache), false)
 4 FCPATH\index.php(55): CodeIgniter\CodeIgniter->run()
 5 SYSTEMPATH\Commands\Server\rewrite.php(43): require_once('FCPATH\\index.php')
ERROR - 2023-04-03 14:26:36 --> Table 'contact_list.contact_details' doesn't exist
CRITICAL - 2023-04-03 14:26:36 --> Call to a member function getResult() on bool
in APPPATH\Controllers\Main.php on line 71.
 1 SYSTEMPATH\CodeIgniter.php(898): App\Controllers\Main->list()
 2 SYSTEMPATH\CodeIgniter.php(468): CodeIgniter\CodeIgniter->runController(Object(App\Controllers\Main))
 3 SYSTEMPATH\CodeIgniter.php(351): CodeIgniter\CodeIgniter->handleRequest(null, Object(Config\Cache), false)
 4 FCPATH\index.php(55): CodeIgniter\CodeIgniter->run()
 5 SYSTEMPATH\Commands\Server\rewrite.php(43): require_once('FCPATH\\index.php')
ERROR - 2023-04-03 14:26:38 --> Table 'contact_list.contact_details' doesn't exist
CRITICAL - 2023-04-03 14:26:38 --> Call to a member function getResult() on bool
in APPPATH\Controllers\Main.php on line 120.
 1 SYSTEMPATH\CodeIgniter.php(898): App\Controllers\Main->mhs()
 2 SYSTEMPATH\CodeIgniter.php(468): CodeIgniter\CodeIgniter->runController(Object(App\Controllers\Main))
 3 SYSTEMPATH\CodeIgniter.php(351): CodeIgniter\CodeIgniter->handleRequest(null, Object(Config\Cache), false)
 4 FCPATH\index.php(55): CodeIgniter\CodeIgniter->run()
 5 SYSTEMPATH\Commands\Server\rewrite.php(43): require_once('FCPATH\\index.php')
ERROR - 2023-04-03 14:26:39 --> Table 'contact_list.contact_details' doesn't exist
CRITICAL - 2023-04-03 14:26:39 --> Call to a member function getResult() on bool
in APPPATH\Controllers\Main.php on line 71.
 1 SYSTEMPATH\CodeIgniter.php(898): App\Controllers\Main->list()
 2 SYSTEMPATH\CodeIgniter.php(468): CodeIgniter\CodeIgniter->runController(Object(App\Controllers\Main))
 3 SYSTEMPATH\CodeIgniter.php(351): CodeIgniter\CodeIgniter->handleRequest(null, Object(Config\Cache), false)
 4 FCPATH\index.php(55): CodeIgniter\CodeIgniter->run()
 5 SYSTEMPATH\Commands\Server\rewrite.php(43): require_once('FCPATH\\index.php')
ERROR - 2023-04-03 14:26:41 --> Table 'contact_list.contact_details' doesn't exist
CRITICAL - 2023-04-03 14:26:41 --> Call to a member function getResult() on bool
in APPPATH\Controllers\Main.php on line 120.
 1 SYSTEMPATH\CodeIgniter.php(898): App\Controllers\Main->mhs()
 2 SYSTEMPATH\CodeIgniter.php(468): CodeIgniter\CodeIgniter->runController(Object(App\Controllers\Main))
 3 SYSTEMPATH\CodeIgniter.php(351): CodeIgniter\CodeIgniter->handleRequest(null, Object(Config\Cache), false)
 4 FCPATH\index.php(55): CodeIgniter\CodeIgniter->run()
 5 SYSTEMPATH\Commands\Server\rewrite.php(43): require_once('FCPATH\\index.php')
ERROR - 2023-04-03 14:41:06 --> Table 'contact_list.contact_details' doesn't exist
CRITICAL - 2023-04-03 14:41:06 --> Call to a member function getResult() on bool
in APPPATH\Controllers\Main.php on line 75.
 1 SYSTEMPATH\CodeIgniter.php(898): App\Controllers\Main->list()
 2 SYSTEMPATH\CodeIgniter.php(468): CodeIgniter\CodeIgniter->runController(Object(App\Controllers\Main))
 3 SYSTEMPATH\CodeIgniter.php(351): CodeIgniter\CodeIgniter->handleRequest(null, Object(Config\Cache), false)
 4 FCPATH\index.php(55): CodeIgniter\CodeIgniter->run()
 5 SYSTEMPATH\Commands\Server\rewrite.php(43): require_once('FCPATH\\index.php')
ERROR - 2023-04-03 14:41:22 --> Table 'contact_list.contact_details' doesn't exist
CRITICAL - 2023-04-03 14:41:22 --> Call to a member function getResult() on bool
in APPPATH\Controllers\Main.php on line 75.
 1 SYSTEMPATH\CodeIgniter.php(898): App\Controllers\Main->list()
 2 SYSTEMPATH\CodeIgniter.php(468): CodeIgniter\CodeIgniter->runController(Object(App\Controllers\Main))
 3 SYSTEMPATH\CodeIgniter.php(351): CodeIgniter\CodeIgniter->handleRequest(null, Object(Config\Cache), false)
 4 FCPATH\index.php(55): CodeIgniter\CodeIgniter->run()
 5 SYSTEMPATH\Commands\Server\rewrite.php(43): require_once('FCPATH\\index.php')
ERROR - 2023-04-03 14:41:25 --> Table 'contact_list.contact_details' doesn't exist
CRITICAL - 2023-04-03 14:41:25 --> Call to a member function getResult() on bool
in APPPATH\Controllers\Main.php on line 75.
 1 SYSTEMPATH\CodeIgniter.php(898): App\Controllers\Main->list()
 2 SYSTEMPATH\CodeIgniter.php(468): CodeIgniter\CodeIgniter->runController(Object(App\Controllers\Main))
 3 SYSTEMPATH\CodeIgniter.php(351): CodeIgniter\CodeIgniter->handleRequest(null, Object(Config\Cache), false)
 4 FCPATH\index.php(55): CodeIgniter\CodeIgniter->run()
 5 SYSTEMPATH\Commands\Server\rewrite.php(43): require_once('FCPATH\\index.php')
CRITICAL - 2023-04-03 16:02:15 --> There is no data to insert.
in SYSTEMPATH\BaseModel.php on line 718.
 1 SYSTEMPATH\BaseModel.php(718): CodeIgniter\Database\Exceptions\DataException::forEmptyDataset('insert')
 2 SYSTEMPATH\Model.php(666): CodeIgniter\BaseModel->insert([], true)
 3 APPPATH\Controllers\Main.php(152): CodeIgniter\Model->insert([...])
 4 SYSTEMPATH\CodeIgniter.php(898): App\Controllers\Main->mhs_save()
 5 SYSTEMPATH\CodeIgniter.php(468): CodeIgniter\CodeIgniter->runController(Object(App\Controllers\Main))
 6 SYSTEMPATH\CodeIgniter.php(351): CodeIgniter\CodeIgniter->handleRequest(null, Object(Config\Cache), false)
 7 FCPATH\index.php(55): CodeIgniter\CodeIgniter->run()
 8 SYSTEMPATH\Commands\Server\rewrite.php(43): require_once('FCPATH\\index.php')
